  BankSystem.cpp
D:\Programming\1)_Fundamentals\1)_Programming_Advices\11)_OPP_AsItShouldBe_(Applications)\23)_Project_4_Currency_Exchange_6\BankSystem\clsString.h(39,25): warning C4267: 'return': conversion from 'size_t' to 'short', possible loss of data
D:\Programming\1)_Fundamentals\1)_Programming_Advices\11)_OPP_AsItShouldBe_(Applications)\23)_Project_4_Currency_Exchange_6\BankSystem\clsString.h(44,29): warning C4267: 'return': conversion from 'size_t' to 'short', possible loss of data
D:\Programming\1)_Fundamentals\1)_Programming_Advices\11)_OPP_AsItShouldBe_(Applications)\23)_Project_4_Currency_Exchange_6\BankSystem\clsString.h(56,30): warning C4267: '=': conversion from 'size_t' to 'short', possible loss of data
D:\Programming\1)_Fundamentals\1)_Programming_Advices\11)_OPP_AsItShouldBe_(Applications)\23)_Project_4_Currency_Exchange_6\BankSystem\clsString.h(193,29): warning C4267: 'return': conversion from 'size_t' to 'short', possible loss of data
D:\Programming\1)_Fundamentals\1)_Programming_Advices\11)_OPP_AsItShouldBe_(Applications)\23)_Project_4_Currency_Exchange_6\BankSystem\clsString.h(324,30): warning C4267: '=': conversion from 'size_t' to 'short', possible loss of data
D:\Programming\1)_Fundamentals\1)_Programming_Advices\11)_OPP_AsItShouldBe_(Applications)\23)_Project_4_Currency_Exchange_6\BankSystem\clsString.h(372,22): warning C4267: 'initializing': conversion from 'size_t' to 'short', possible loss of data
D:\Programming\1)_Fundamentals\1)_Programming_Advices\11)_OPP_AsItShouldBe_(Applications)\23)_Project_4_Currency_Exchange_6\BankSystem\clsUtil.h(63,2): warning C4102: 'defualt': unreferenced label
D:\Programming\1)_Fundamentals\1)_Programming_Advices\11)_OPP_AsItShouldBe_(Applications)\23)_Project_4_Currency_Exchange_6\BankSystem\clsUser.h(172,5): warning C4240: nonstandard extension used: access to 'clsUser::stLoginRegisterRecord' now defined to be 'public', previously it was defined to be 'private'
D:\Programming\1)_Fundamentals\1)_Programming_Advices\11)_OPP_AsItShouldBe_(Applications)\23)_Project_4_Currency_Exchange_6\BankSystem\clsUser.h(49,12): message : see declaration of 'clsUser::stLoginRegisterRecord'
D:\Programming\1)_Fundamentals\1)_Programming_Advices\11)_OPP_AsItShouldBe_(Applications)\23)_Project_4_Currency_Exchange_6\BankSystem\clsInputValidate.h(127,16): warning C4244: 'initializing': conversion from 'int' to 'float', possible loss of data
D:\Programming\1)_Fundamentals\1)_Programming_Advices\11)_OPP_AsItShouldBe_(Applications)\23)_Project_4_Currency_Exchange_6\BankSystem\clsInputValidate.h(132,26): warning C4244: '=': conversion from 'int' to 'float', possible loss of data
D:\Programming\1)_Fundamentals\1)_Programming_Advices\11)_OPP_AsItShouldBe_(Applications)\23)_Project_4_Currency_Exchange_6\BankSystem\clsBankClient.h(406,2): warning C4240: nonstandard extension used: access to 'clsBankClient::stTransferLogRecord' now defined to be 'public', previously it was defined to be 'private'
D:\Programming\1)_Fundamentals\1)_Programming_Advices\11)_OPP_AsItShouldBe_(Applications)\23)_Project_4_Currency_Exchange_6\BankSystem\clsBankClient.h(155,9): message : see declaration of 'clsBankClient::stTransferLogRecord'
D:\Programming\1)_Fundamentals\1)_Programming_Advices\11)_OPP_AsItShouldBe_(Applications)\23)_Project_4_Currency_Exchange_6\BankSystem\clsBankClient.h(29,26): warning C4244: 'argument': conversion from 'double' to 'float', possible loss of data
D:\Programming\1)_Fundamentals\1)_Programming_Advices\11)_OPP_AsItShouldBe_(Applications)\23)_Project_4_Currency_Exchange_6\BankSystem\clsBankClient.h(373,22): warning C4244: '+=': conversion from 'double' to 'float', possible loss of data
D:\Programming\1)_Fundamentals\1)_Programming_Advices\11)_OPP_AsItShouldBe_(Applications)\23)_Project_4_Currency_Exchange_6\BankSystem\clsBankClient.h(386,23): warning C4244: '-=': conversion from 'double' to 'float', possible loss of data
D:\Programming\1)_Fundamentals\1)_Programming_Advices\11)_OPP_AsItShouldBe_(Applications)\23)_Project_4_Currency_Exchange_6\BankSystem\clsBankClient.h(401,24): warning C4244: 'argument': conversion from 'double' to 'float', possible loss of data
D:\Programming\1)_Fundamentals\1)_Programming_Advices\11)_OPP_AsItShouldBe_(Applications)\23)_Project_4_Currency_Exchange_6\BankSystem\clsAddNewClientScreen.h(28,58): warning C4244: 'argument': conversion from 'double' to 'float', possible loss of data
D:\Programming\1)_Fundamentals\1)_Programming_Advices\11)_OPP_AsItShouldBe_(Applications)\23)_Project_4_Currency_Exchange_6\BankSystem\clsUpdateClientScreen.h(25,58): warning C4244: 'argument': conversion from 'double' to 'float', possible loss of data
D:\Programming\1)_Fundamentals\1)_Programming_Advices\11)_OPP_AsItShouldBe_(Applications)\23)_Project_4_Currency_Exchange_6\BankSystem\clsTotalBalancesScreen.h(60,76): warning C4244: 'argument': conversion from 'double' to 'int', possible loss of data
D:\Programming\1)_Fundamentals\1)_Programming_Advices\11)_OPP_AsItShouldBe_(Applications)\23)_Project_4_Currency_Exchange_6\BankSystem\clsTransferScreen.h(43,43): warning C4244: '=': conversion from 'double' to 'float', possible loss of data
D:\Programming\1)_Fundamentals\1)_Programming_Advices\11)_OPP_AsItShouldBe_(Applications)\23)_Project_4_Currency_Exchange_6\BankSystem\clsTransferScreen.h(48,44): warning C4244: '=': conversion from 'double' to 'float', possible loss of data
D:\Programming\1)_Fundamentals\1)_Programming_Advices\11)_OPP_AsItShouldBe_(Applications)\23)_Project_4_Currency_Exchange_6\BankSystem\clsCurrency.h(27,8): warning C4244: 'argument': conversion from 'double' to 'float', possible loss of data
D:\Programming\1)_Fundamentals\1)_Programming_Advices\11)_OPP_AsItShouldBe_(Applications)\23)_Project_4_Currency_Exchange_6\BankSystem\clsLogin.h(52): warning C4715: 'clsLogin::_Login': not all control paths return a value
D:\Programming\1)_Fundamentals\1)_Programming_Advices\11)_OPP_AsItShouldBe_(Applications)\23)_Project_4_Currency_Exchange_6\BankSystem\clsBankClient.h(320): warning C4715: 'clsBankClient::Save': not all control paths return a value
D:\Programming\1)_Fundamentals\1)_Programming_Advices\11)_OPP_AsItShouldBe_(Applications)\23)_Project_4_Currency_Exchange_6\BankSystem\clsUser.h(325): warning C4715: 'clsUser::Save': not all control paths return a value
  BankSystem.vcxproj -> D:\Programming\1)_Fundamentals\1)_Programming_Advices\11)_OPP_AsItShouldBe_(Applications)\23)_Project_4_Currency_Exchange_6\BankSystem\x64\Debug\BankSystem.exe
